{
  "stats": {
    "suites": 1,
    "tests": 1,
    "passes": 1,
    "pending": 0,
    "failures": 0,
    "start": "2021-11-20T14:52:18.748Z",
    "end": "2021-11-20T14:52:18.951Z",
    "duration": 203,
    "testsRegistered": 1,
    "passPercent": 100,
    "pendingPercent": 0,
    "other": 0,
    "hasOther": false,
    "skipped": 0,
    "hasSkipped": false
  },
  "results": [
    {
      "uuid": "90da8ce0-0e35-4b25-b670-b071e39f884c",
      "title": "",
      "fullFile": "cypress/integration/ping.spec.js",
      "file": "cypress/integration/ping.spec.js",
      "beforeHooks": [],
      "afterHooks": [],
      "tests": [],
      "suites": [
        {
          "uuid": "4104893b-e3d0-4b0c-8f9c-b5aa34e89d3b",
          "title": "Ping",
          "fullFile": "",
          "file": "",
          "beforeHooks": [],
          "afterHooks": [],
          "tests": [
            {
              "title": "Validar se a aplicação está ok @healthcheck",
              "fullTitle": "Ping Validar se a aplicação está ok @healthcheck",
              "timedOut": null,
              "duration": 159,
              "state": "passed",
              "speed": "fast",
              "pass": true,
              "fail": false,
              "pending": false,
              "context": null,
              "code": "//get https://treinamento-api.herokuapp.com/ping\n//request\n_requests.default.getPing().then(getPingResponse => {\n  _assertions.default.shouldHaveStatus(getPingResponse, 201);\n}); //requests\n// asserções\n// cy.request -> response -> body, status, headers\n//its é usado para pegar qual é o retorno que quer utilizar no seu comando. Nesse exemplo pegamos o status para verificar se o retorno é 201.",
              "err": {},
              "uuid": "ce53bd9a-3190-4d2e-b504-5ee1654c1567",
              "parentUUID": "4104893b-e3d0-4b0c-8f9c-b5aa34e89d3b",
              "isHook": false,
              "skipped": false
            }
          ],
          "suites": [],
          "passes": [
            "ce53bd9a-3190-4d2e-b504-5ee1654c1567"
          ],
          "failures": [],
          "pending": [],
          "skipped": [],
          "duration": 159,
          "root": false,
          "rootEmpty": false,
          "_timeout": 2000
        }
      ],
      "passes": [],
      "failures": [],
      "pending": [],
      "skipped": [],
      "duration": 0,
      "root": true,
      "rootEmpty": true,
      "_timeout": 2000
    }
  ],
  "meta": {
    "mocha": {
      "version": "7.0.1"
    },
    "mochawesome": {
      "options": {
        "quiet": true,
        "reportFilename": "mochawesome",
        "saveHtml": false,
        "saveJson": true,
        "consoleReporter": "spec",
        "useInlineDiffs": false,
        "code": true
      },
      "version": "7.0.1"
    },
    "marge": {
      "options": {
        "id": "default",
        "reportDir": "mochawesome-report",
        "quiet": true,
        "overwrite": false,
        "html": false,
        "json": true
      },
      "version": "6.0.1"
    }
  }
}