{
  "stats": {
    "suites": 1,
    "tests": 1,
    "passes": 1,
    "pending": 0,
    "failures": 0,
    "start": "2021-11-20T14:32:36.212Z",
    "end": "2021-11-20T14:32:36.356Z",
    "duration": 144,
    "testsRegistered": 1,
    "passPercent": 100,
    "pendingPercent": 0,
    "other": 0,
    "hasOther": false,
    "skipped": 0,
    "hasSkipped": false
  },
  "results": [
    {
      "uuid": "4a7b6ebb-a6c4-4ea7-9604-f71dafba9afa",
      "title": "",
      "fullFile": "cypress/integration/ping.spec.js",
      "file": "cypress/integration/ping.spec.js",
      "beforeHooks": [],
      "afterHooks": [],
      "tests": [],
      "suites": [
        {
          "uuid": "88263be3-d7e6-4e64-8482-7acfd014c983",
          "title": "Ping",
          "fullFile": "",
          "file": "",
          "beforeHooks": [],
          "afterHooks": [],
          "tests": [
            {
              "title": "Validar se a aplicação está ok @healthcheck",
              "fullTitle": "Ping Validar se a aplicação está ok @healthcheck",
              "timedOut": null,
              "duration": 122,
              "state": "passed",
              "speed": "fast",
              "pass": true,
              "fail": false,
              "pending": false,
              "context": null,
              "code": "//get https://treinamento-api.herokuapp.com/ping\n//request\n_requests.default.getPing().then(getPingResponse => {\n  _assertions.default.shouldHaveStatus(getPingResponse, 201);\n}); //requests\n// asserções\n// cy.request -> response -> body, status, headers\n//its é usado para pegar qual é o retorno que quer utilizar no seu comando. Nesse exemplo pegamos o status para verificar se o retorno é 201.",
              "err": {},
              "uuid": "0b2aae80-b805-4a06-8ddb-3b11e6e1bbad",
              "parentUUID": "88263be3-d7e6-4e64-8482-7acfd014c983",
              "isHook": false,
              "skipped": false
            }
          ],
          "suites": [],
          "passes": [
            "0b2aae80-b805-4a06-8ddb-3b11e6e1bbad"
          ],
          "failures": [],
          "pending": [],
          "skipped": [],
          "duration": 122,
          "root": false,
          "rootEmpty": false,
          "_timeout": 2000
        }
      ],
      "passes": [],
      "failures": [],
      "pending": [],
      "skipped": [],
      "duration": 0,
      "root": true,
      "rootEmpty": true,
      "_timeout": 2000
    }
  ],
  "meta": {
    "mocha": {
      "version": "7.0.1"
    },
    "mochawesome": {
      "options": {
        "quiet": true,
        "reportFilename": "mochawesome",
        "saveHtml": false,
        "saveJson": true,
        "consoleReporter": "spec",
        "useInlineDiffs": false,
        "code": true
      },
      "version": "7.0.1"
    },
    "marge": {
      "options": {
        "id": "default",
        "reportDir": "mochawesome-report",
        "quiet": true,
        "overwrite": false,
        "html": false,
        "json": true
      },
      "version": "6.0.1"
    }
  }
}