{
  "stats": {
    "suites": 1,
    "tests": 10,
    "passes": 10,
    "pending": 0,
    "failures": 0,
    "start": "2021-11-20T14:52:12.734Z",
    "end": "2021-11-20T14:52:15.165Z",
    "duration": 2431,
    "testsRegistered": 10,
    "passPercent": 100,
    "pendingPercent": 0,
    "other": 0,
    "hasOther": false,
    "skipped": 0,
    "hasSkipped": false
  },
  "results": [
    {
      "uuid": "55e21966-4259-446d-8549-4214315ed200",
      "title": "",
      "fullFile": "cypress/integration/booking.spec.js",
      "file": "cypress/integration/booking.spec.js",
      "beforeHooks": [],
      "afterHooks": [],
      "tests": [],
      "suites": [
        {
          "uuid": "40dc871c-ba23-4f99-b783-21358823b6d0",
          "title": "Booking",
          "fullFile": "",
          "file": "",
          "beforeHooks": [],
          "afterHooks": [],
          "tests": [
            {
              "title": "Validar o contrato do GET Booking @contract",
              "fullTitle": "Booking Validar o contrato do GET Booking @contract",
              "timedOut": null,
              "duration": 628,
              "state": "passed",
              "speed": "fast",
              "pass": true,
              "fail": false,
              "pending": false,
              "context": null,
              "code": "_requests.default.getBooking().then(getBookingResponse => {\n  _assertions.default.validateContractOf(getBookingResponse, _schemas.default.getBookingSchema());\n});",
              "err": {},
              "uuid": "1952bd4b-cf41-4b07-b79d-9593c695b2ed",
              "parentUUID": "40dc871c-ba23-4f99-b783-21358823b6d0",
              "isHook": false,
              "skipped": false
            },
            {
              "title": "Criar uma reserva com sucesso @functional",
              "fullTitle": "Booking Criar uma reserva com sucesso @functional",
              "timedOut": null,
              "duration": 157,
              "state": "passed",
              "speed": "fast",
              "pass": true,
              "fail": false,
              "pending": false,
              "context": null,
              "code": "_requests.default.postBooking().then(postBookinResponse => {\n  _assertions.default.shouldHaveStatus(postBookinResponse, 200);\n  _assertions.default.shouldBookingIdBePresent(postBookinResponse);\n  _assertions.default.shouldHaveDefaultHeaders(postBookinResponse);\n  _assertions.default.shouldHaveContentTypeAppJson(postBookinResponse);\n  _assertions.default.shouldDurationBeFast(postBookinResponse);\n});",
              "err": {},
              "uuid": "0f67fe3e-952d-4fad-89e1-39c3aa9de9b0",
              "parentUUID": "40dc871c-ba23-4f99-b783-21358823b6d0",
              "isHook": false,
              "skipped": false
            },
            {
              "title": "Tentar alterar uma reserva sem token @functional",
              "fullTitle": "Booking Tentar alterar uma reserva sem token @functional",
              "timedOut": null,
              "duration": 187,
              "state": "passed",
              "speed": "fast",
              "pass": true,
              "fail": false,
              "pending": false,
              "context": null,
              "code": "_requests.default.postBooking().then(postBookinResponse => {\n  _requests.default.updateBookingWithoutToken(postBookinResponse).then(putBookingResponse => {\n    _assertions.default.shouldHaveStatus(putBookingResponse, 403);\n  });\n});",
              "err": {},
              "uuid": "9ffa76d5-3074-450c-9e17-dedc3bc38c7e",
              "parentUUID": "40dc871c-ba23-4f99-b783-21358823b6d0",
              "isHook": false,
              "skipped": false
            },
            {
              "title": "Tentar alterar uma reserva com token inválido @functional",
              "fullTitle": "Booking Tentar alterar uma reserva com token inválido @functional",
              "timedOut": null,
              "duration": 204,
              "state": "passed",
              "speed": "fast",
              "pass": true,
              "fail": false,
              "pending": false,
              "context": null,
              "code": "_requests.default.postBooking().then(postBookinResponse => {\n  _requests.default.updateReserveBookingTokenInvalid(postBookinResponse).then(updateBookingResponse => {\n    _assertions.default.shouldHaveStatus(updateBookingResponse, 403);\n  });\n});",
              "err": {},
              "uuid": "c2a1340a-da30-458f-8940-1bd055f385e4",
              "parentUUID": "40dc871c-ba23-4f99-b783-21358823b6d0",
              "isHook": false,
              "skipped": false
            },
            {
              "title": "Alterar uma reserva com sucesso @functional",
              "fullTitle": "Booking Alterar uma reserva com sucesso @functional",
              "timedOut": null,
              "duration": 179,
              "state": "passed",
              "speed": "fast",
              "pass": true,
              "fail": false,
              "pending": false,
              "context": null,
              "code": "_requests.default.postBooking().then(postBookinResponse => {\n  _requests.default.updateBooking(postBookinResponse).then(putBookingResponse => {\n    _assertions.default.shouldHaveStatus(putBookingResponse, 200);\n  });\n});",
              "err": {},
              "uuid": "a5a7dd85-86aa-4672-9288-ff390ea3e5b8",
              "parentUUID": "40dc871c-ba23-4f99-b783-21358823b6d0",
              "isHook": false,
              "skipped": false
            },
            {
              "title": "Alterar uma reserva inexistente @functional",
              "fullTitle": "Booking Alterar uma reserva inexistente @functional",
              "timedOut": null,
              "duration": 204,
              "state": "passed",
              "speed": "fast",
              "pass": true,
              "fail": false,
              "pending": false,
              "context": null,
              "code": "_requests.default.postBooking().then(postBookinResponse => {\n  _requests.default.updateBookingInvalidReserve(postBookinResponse).then(updateBookingingResponse => {\n    _assertions.default.shouldHaveStatus(updateBookingingResponse, 405);\n  });\n});",
              "err": {},
              "uuid": "d8fc9afd-fe46-4fa5-bb76-387f3ba867e4",
              "parentUUID": "40dc871c-ba23-4f99-b783-21358823b6d0",
              "isHook": false,
              "skipped": false
            },
            {
              "title": "Excluir uma reserva com sucesso @functional",
              "fullTitle": "Booking Excluir uma reserva com sucesso @functional",
              "timedOut": null,
              "duration": 187,
              "state": "passed",
              "speed": "fast",
              "pass": true,
              "fail": false,
              "pending": false,
              "context": null,
              "code": "_requests.default.postBooking().then(postBookinResponse => {\n  _requests.default.deleteBooking(postBookinResponse).then(deleteBookingResponse => {\n    _assertions.default.shouldHaveStatus(deleteBookingResponse, 201);\n  });\n});",
              "err": {},
              "uuid": "eb6e0a10-117d-428e-821e-dbc6d31d9074",
              "parentUUID": "40dc871c-ba23-4f99-b783-21358823b6d0",
              "isHook": false,
              "skipped": false
            },
            {
              "title": "Excluir uma reserva inexistente @functional",
              "fullTitle": "Booking Excluir uma reserva inexistente @functional",
              "timedOut": null,
              "duration": 180,
              "state": "passed",
              "speed": "fast",
              "pass": true,
              "fail": false,
              "pending": false,
              "context": null,
              "code": "_requests.default.postBooking().then(postBookinResponse => {\n  _requests.default.DeleteBookingInvalidReserve(postBookinResponse).then(deleteBookingingResponse => {\n    _assertions.default.shouldHaveStatus(deleteBookingingResponse, 405);\n  });\n});",
              "err": {},
              "uuid": "abfb61a1-c9dd-4703-9b0f-3a441504653c",
              "parentUUID": "40dc871c-ba23-4f99-b783-21358823b6d0",
              "isHook": false,
              "skipped": false
            },
            {
              "title": "Excluir uma reserva sem token @functional",
              "fullTitle": "Booking Excluir uma reserva sem token @functional",
              "timedOut": null,
              "duration": 205,
              "state": "passed",
              "speed": "fast",
              "pass": true,
              "fail": false,
              "pending": false,
              "context": null,
              "code": "_requests.default.postBooking().then(postBookinResponse => {\n  _requests.default.deleteBookingWithoutToken(postBookinResponse).then(deleteBookingingWithoutTokenResponse => {\n    _assertions.default.shouldHaveStatus(deleteBookingingWithoutTokenResponse, 403);\n  });\n});",
              "err": {},
              "uuid": "36681df8-3533-4775-994f-7481163d1932",
              "parentUUID": "40dc871c-ba23-4f99-b783-21358823b6d0",
              "isHook": false,
              "skipped": false
            },
            {
              "title": "Excluir uma reserva com token invalido @functional",
              "fullTitle": "Booking Excluir uma reserva com token invalido @functional",
              "timedOut": null,
              "duration": 206,
              "state": "passed",
              "speed": "fast",
              "pass": true,
              "fail": false,
              "pending": false,
              "context": null,
              "code": "_requests.default.postBooking().then(postBookinResponse => {\n  _requests.default.deleteBookingTokenInvalid(postBookinResponse).then(deleteBookingTokenInvalidResponse => {\n    _assertions.default.shouldHaveStatus(deleteBookingTokenInvalidResponse, 403);\n  });\n});",
              "err": {},
              "uuid": "be33fb90-1270-4e61-bb6f-54970e597110",
              "parentUUID": "40dc871c-ba23-4f99-b783-21358823b6d0",
              "isHook": false,
              "skipped": false
            }
          ],
          "suites": [],
          "passes": [
            "1952bd4b-cf41-4b07-b79d-9593c695b2ed",
            "0f67fe3e-952d-4fad-89e1-39c3aa9de9b0",
            "9ffa76d5-3074-450c-9e17-dedc3bc38c7e",
            "c2a1340a-da30-458f-8940-1bd055f385e4",
            "a5a7dd85-86aa-4672-9288-ff390ea3e5b8",
            "d8fc9afd-fe46-4fa5-bb76-387f3ba867e4",
            "eb6e0a10-117d-428e-821e-dbc6d31d9074",
            "abfb61a1-c9dd-4703-9b0f-3a441504653c",
            "36681df8-3533-4775-994f-7481163d1932",
            "be33fb90-1270-4e61-bb6f-54970e597110"
          ],
          "failures": [],
          "pending": [],
          "skipped": [],
          "duration": 2337,
          "root": false,
          "rootEmpty": false,
          "_timeout": 2000
        }
      ],
      "passes": [],
      "failures": [],
      "pending": [],
      "skipped": [],
      "duration": 0,
      "root": true,
      "rootEmpty": true,
      "_timeout": 2000
    }
  ],
  "meta": {
    "mocha": {
      "version": "7.0.1"
    },
    "mochawesome": {
      "options": {
        "quiet": true,
        "reportFilename": "mochawesome",
        "saveHtml": false,
        "saveJson": true,
        "consoleReporter": "spec",
        "useInlineDiffs": false,
        "code": true
      },
      "version": "7.0.1"
    },
    "marge": {
      "options": {
        "id": "default",
        "reportDir": "mochawesome-report",
        "quiet": true,
        "overwrite": false,
        "html": false,
        "json": true
      },
      "version": "6.0.1"
    }
  }
}