{
  "stats": {
    "suites": 1,
    "tests": 10,
    "passes": 10,
    "pending": 0,
    "failures": 0,
    "start": "2021-11-20T14:51:59.320Z",
    "end": "2021-11-20T14:52:01.857Z",
    "duration": 2537,
    "testsRegistered": 10,
    "passPercent": 100,
    "pendingPercent": 0,
    "other": 0,
    "hasOther": false,
    "skipped": 0,
    "hasSkipped": false
  },
  "results": [
    {
      "uuid": "df562217-80e5-49d8-9152-85861130c55a",
      "title": "",
      "fullFile": "cypress/integration/booking.spec.js",
      "file": "cypress/integration/booking.spec.js",
      "beforeHooks": [],
      "afterHooks": [],
      "tests": [],
      "suites": [
        {
          "uuid": "7d6e2247-d77a-4ef2-898c-b70e94802a50",
          "title": "Booking",
          "fullFile": "",
          "file": "",
          "beforeHooks": [],
          "afterHooks": [],
          "tests": [
            {
              "title": "Validar o contrato do GET Booking @contract",
              "fullTitle": "Booking Validar o contrato do GET Booking @contract",
              "timedOut": null,
              "duration": 663,
              "state": "passed",
              "speed": "fast",
              "pass": true,
              "fail": false,
              "pending": false,
              "context": null,
              "code": "_requests.default.getBooking().then(getBookingResponse => {\n  _assertions.default.validateContractOf(getBookingResponse, _schemas.default.getBookingSchema());\n});",
              "err": {},
              "uuid": "7eba678e-117b-42eb-b835-4bacade76118",
              "parentUUID": "7d6e2247-d77a-4ef2-898c-b70e94802a50",
              "isHook": false,
              "skipped": false
            },
            {
              "title": "Criar uma reserva com sucesso @functional",
              "fullTitle": "Booking Criar uma reserva com sucesso @functional",
              "timedOut": null,
              "duration": 182,
              "state": "passed",
              "speed": "fast",
              "pass": true,
              "fail": false,
              "pending": false,
              "context": null,
              "code": "_requests.default.postBooking().then(postBookinResponse => {\n  _assertions.default.shouldHaveStatus(postBookinResponse, 200);\n  _assertions.default.shouldBookingIdBePresent(postBookinResponse);\n  _assertions.default.shouldHaveDefaultHeaders(postBookinResponse);\n  _assertions.default.shouldHaveContentTypeAppJson(postBookinResponse);\n  _assertions.default.shouldDurationBeFast(postBookinResponse);\n});",
              "err": {},
              "uuid": "1d1655ab-8f7c-4e2f-9dae-ab28b9dd5674",
              "parentUUID": "7d6e2247-d77a-4ef2-898c-b70e94802a50",
              "isHook": false,
              "skipped": false
            },
            {
              "title": "Tentar alterar uma reserva sem token @functional",
              "fullTitle": "Booking Tentar alterar uma reserva sem token @functional",
              "timedOut": null,
              "duration": 210,
              "state": "passed",
              "speed": "fast",
              "pass": true,
              "fail": false,
              "pending": false,
              "context": null,
              "code": "_requests.default.postBooking().then(postBookinResponse => {\n  _requests.default.updateBookingWithoutToken(postBookinResponse).then(putBookingResponse => {\n    _assertions.default.shouldHaveStatus(putBookingResponse, 403);\n  });\n});",
              "err": {},
              "uuid": "e688deff-2709-4273-8bd6-af5be2c85f48",
              "parentUUID": "7d6e2247-d77a-4ef2-898c-b70e94802a50",
              "isHook": false,
              "skipped": false
            },
            {
              "title": "Tentar alterar uma reserva com token inválido @functional",
              "fullTitle": "Booking Tentar alterar uma reserva com token inválido @functional",
              "timedOut": null,
              "duration": 198,
              "state": "passed",
              "speed": "fast",
              "pass": true,
              "fail": false,
              "pending": false,
              "context": null,
              "code": "_requests.default.postBooking().then(postBookinResponse => {\n  _requests.default.updateReserveBookingTokenInvalid(postBookinResponse).then(updateBookingResponse => {\n    _assertions.default.shouldHaveStatus(updateBookingResponse, 403);\n  });\n});",
              "err": {},
              "uuid": "7282a01f-8fff-48e3-9d1c-00ed9b373b67",
              "parentUUID": "7d6e2247-d77a-4ef2-898c-b70e94802a50",
              "isHook": false,
              "skipped": false
            },
            {
              "title": "Alterar uma reserva com sucesso @functional",
              "fullTitle": "Booking Alterar uma reserva com sucesso @functional",
              "timedOut": null,
              "duration": 194,
              "state": "passed",
              "speed": "fast",
              "pass": true,
              "fail": false,
              "pending": false,
              "context": null,
              "code": "_requests.default.postBooking().then(postBookinResponse => {\n  _requests.default.updateBooking(postBookinResponse).then(putBookingResponse => {\n    _assertions.default.shouldHaveStatus(putBookingResponse, 200);\n  });\n});",
              "err": {},
              "uuid": "f930e902-dfe7-4833-b7c3-6fc750c60656",
              "parentUUID": "7d6e2247-d77a-4ef2-898c-b70e94802a50",
              "isHook": false,
              "skipped": false
            },
            {
              "title": "Alterar uma reserva inexistente @functional",
              "fullTitle": "Booking Alterar uma reserva inexistente @functional",
              "timedOut": null,
              "duration": 191,
              "state": "passed",
              "speed": "fast",
              "pass": true,
              "fail": false,
              "pending": false,
              "context": null,
              "code": "_requests.default.postBooking().then(postBookinResponse => {\n  _requests.default.updateBookingInvalidReserve(postBookinResponse).then(updateBookingingResponse => {\n    _assertions.default.shouldHaveStatus(updateBookingingResponse, 405);\n  });\n});",
              "err": {},
              "uuid": "a89b6cc8-7b87-4a81-9422-4b6df670d4b1",
              "parentUUID": "7d6e2247-d77a-4ef2-898c-b70e94802a50",
              "isHook": false,
              "skipped": false
            },
            {
              "title": "Excluir uma reserva com sucesso @functional",
              "fullTitle": "Booking Excluir uma reserva com sucesso @functional",
              "timedOut": null,
              "duration": 214,
              "state": "passed",
              "speed": "fast",
              "pass": true,
              "fail": false,
              "pending": false,
              "context": null,
              "code": "_requests.default.postBooking().then(postBookinResponse => {\n  _requests.default.deleteBooking(postBookinResponse).then(deleteBookingResponse => {\n    _assertions.default.shouldHaveStatus(deleteBookingResponse, 201);\n  });\n});",
              "err": {},
              "uuid": "795480e0-3e5a-4c89-8d32-9fb5d908670c",
              "parentUUID": "7d6e2247-d77a-4ef2-898c-b70e94802a50",
              "isHook": false,
              "skipped": false
            },
            {
              "title": "Excluir uma reserva inexistente @functional",
              "fullTitle": "Booking Excluir uma reserva inexistente @functional",
              "timedOut": null,
              "duration": 192,
              "state": "passed",
              "speed": "fast",
              "pass": true,
              "fail": false,
              "pending": false,
              "context": null,
              "code": "_requests.default.postBooking().then(postBookinResponse => {\n  _requests.default.DeleteBookingInvalidReserve(postBookinResponse).then(deleteBookingingResponse => {\n    _assertions.default.shouldHaveStatus(deleteBookingingResponse, 405);\n  });\n});",
              "err": {},
              "uuid": "cdd3fc76-9bb9-4283-9bc5-64e06b7ec530",
              "parentUUID": "7d6e2247-d77a-4ef2-898c-b70e94802a50",
              "isHook": false,
              "skipped": false
            },
            {
              "title": "Excluir uma reserva sem token @functional",
              "fullTitle": "Booking Excluir uma reserva sem token @functional",
              "timedOut": null,
              "duration": 194,
              "state": "passed",
              "speed": "fast",
              "pass": true,
              "fail": false,
              "pending": false,
              "context": null,
              "code": "_requests.default.postBooking().then(postBookinResponse => {\n  _requests.default.deleteBookingWithoutToken(postBookinResponse).then(deleteBookingingWithoutTokenResponse => {\n    _assertions.default.shouldHaveStatus(deleteBookingingWithoutTokenResponse, 403);\n  });\n});",
              "err": {},
              "uuid": "232bdb92-e6b8-4f12-8c83-e09490ab04d9",
              "parentUUID": "7d6e2247-d77a-4ef2-898c-b70e94802a50",
              "isHook": false,
              "skipped": false
            },
            {
              "title": "Excluir uma reserva com token invalido @functional",
              "fullTitle": "Booking Excluir uma reserva com token invalido @functional",
              "timedOut": null,
              "duration": 192,
              "state": "passed",
              "speed": "fast",
              "pass": true,
              "fail": false,
              "pending": false,
              "context": null,
              "code": "_requests.default.postBooking().then(postBookinResponse => {\n  _requests.default.deleteBookingTokenInvalid(postBookinResponse).then(deleteBookingTokenInvalidResponse => {\n    _assertions.default.shouldHaveStatus(deleteBookingTokenInvalidResponse, 403);\n  });\n});",
              "err": {},
              "uuid": "a60e1ed7-3f35-417b-a37c-c84f2e2d19c5",
              "parentUUID": "7d6e2247-d77a-4ef2-898c-b70e94802a50",
              "isHook": false,
              "skipped": false
            }
          ],
          "suites": [],
          "passes": [
            "7eba678e-117b-42eb-b835-4bacade76118",
            "1d1655ab-8f7c-4e2f-9dae-ab28b9dd5674",
            "e688deff-2709-4273-8bd6-af5be2c85f48",
            "7282a01f-8fff-48e3-9d1c-00ed9b373b67",
            "f930e902-dfe7-4833-b7c3-6fc750c60656",
            "a89b6cc8-7b87-4a81-9422-4b6df670d4b1",
            "795480e0-3e5a-4c89-8d32-9fb5d908670c",
            "cdd3fc76-9bb9-4283-9bc5-64e06b7ec530",
            "232bdb92-e6b8-4f12-8c83-e09490ab04d9",
            "a60e1ed7-3f35-417b-a37c-c84f2e2d19c5"
          ],
          "failures": [],
          "pending": [],
          "skipped": [],
          "duration": 2430,
          "root": false,
          "rootEmpty": false,
          "_timeout": 2000
        }
      ],
      "passes": [],
      "failures": [],
      "pending": [],
      "skipped": [],
      "duration": 0,
      "root": true,
      "rootEmpty": true,
      "_timeout": 2000
    }
  ],
  "meta": {
    "mocha": {
      "version": "7.0.1"
    },
    "mochawesome": {
      "options": {
        "quiet": true,
        "reportFilename": "mochawesome",
        "saveHtml": false,
        "saveJson": true,
        "consoleReporter": "spec",
        "useInlineDiffs": false,
        "code": true
      },
      "version": "7.0.1"
    },
    "marge": {
      "options": {
        "id": "default",
        "reportDir": "mochawesome-report",
        "quiet": true,
        "overwrite": false,
        "html": false,
        "json": true
      },
      "version": "6.0.1"
    }
  }
}